Determining if the pthread_create exist failed with the following output:
Change Dir: /home/daniel/reckziegelda74985_at_5888/ncurses/CMakeFiles/CMakeTmp

Run Build Command:"/usr/bin/make" "cmTC_88940/fast"
make[1]: Verzeichnis „/home/daniel/reckziegelda74985_at_5888/ncurses/CMakeFiles/CMakeTmp“ wird betreten
/usr/bin/make -f CMakeFiles/cmTC_88940.dir/build.make CMakeFiles/cmTC_88940.dir/build
make[2]: Verzeichnis „/home/daniel/reckziegelda74985_at_5888/ncurses/CMakeFiles/CMakeTmp“ wird betreten
Building C object CMakeFiles/cmTC_88940.dir/CheckSymbolExists.c.o
/usr/bin/cc    -o CMakeFiles/cmTC_88940.dir/CheckSymbolExists.c.o   -c /home/daniel/reckziegelda74985_at_5888/ncurses/CMakeFiles/CMakeTmp/CheckSymbolExists.c
Linking C executable cmTC_88940
/usr/bin/cmake -E cmake_link_script CMakeFiles/cmTC_88940.dir/link.txt --verbose=1
/usr/bin/cc      -rdynamic CMakeFiles/cmTC_88940.dir/CheckSymbolExists.c.o  -o cmTC_88940 
CMakeFiles/cmTC_88940.dir/CheckSymbolExists.c.o: In Funktion »main«:
CheckSymbolExists.c:(.text+0x15): Warnung: undefinierter Verweis auf »pthread_create«
collect2: error: ld returned 1 exit status
CMakeFiles/cmTC_88940.dir/build.make:97: recipe for target 'cmTC_88940' failed
make[2]: *** [cmTC_88940] Error 1
make[2]: Verzeichnis „/home/daniel/reckziegelda74985_at_5888/ncurses/CMakeFiles/CMakeTmp“ wird verlassen
Makefile:126: recipe for target 'cmTC_88940/fast' failed
make[1]: *** [cmTC_88940/fast] Error 2
make[1]: Verzeichnis „/home/daniel/reckziegelda74985_at_5888/ncurses/CMakeFiles/CMakeTmp“ wird verlassen

File /home/daniel/reckziegelda74985_at_5888/ncurses/CMakeFiles/CMakeTmp/CheckSymbolExists.c:
/* */
#include <pthread.h>

int main(int argc, char** argv)
{
  (void)argv;
#ifndef pthread_create
  return ((int*)(&pthread_create))[argc];
#else
  (void)argc;
  return 0;
#endif
}

Determining if the function pthread_create exists in the pthreads failed with the following output:
Change Dir: /home/daniel/reckziegelda74985_at_5888/ncurses/CMakeFiles/CMakeTmp

Run Build Command:"/usr/bin/make" "cmTC_a93dd/fast"
make[1]: Verzeichnis „/home/daniel/reckziegelda74985_at_5888/ncurses/CMakeFiles/CMakeTmp“ wird betreten
/usr/bin/make -f CMakeFiles/cmTC_a93dd.dir/build.make CMakeFiles/cmTC_a93dd.dir/build
make[2]: Verzeichnis „/home/daniel/reckziegelda74985_at_5888/ncurses/CMakeFiles/CMakeTmp“ wird betreten
Building C object CMakeFiles/cmTC_a93dd.dir/CheckFunctionExists.c.o
/usr/bin/cc   -DCHECK_FUNCTION_EXISTS=pthread_create   -o CMakeFiles/cmTC_a93dd.dir/CheckFunctionExists.c.o   -c /usr/share/cmake-3.10/Modules/CheckFunctionExists.c
Linking C executable cmTC_a93dd
/usr/bin/cmake -E cmake_link_script CMakeFiles/cmTC_a93dd.dir/link.txt --verbose=1
/usr/bin/cc  -DCHECK_FUNCTION_EXISTS=pthread_create    -rdynamic CMakeFiles/cmTC_a93dd.dir/CheckFunctionExists.c.o  -o cmTC_a93dd -lpthreads 
/usr/bin/ld: -lpthreads kann nicht gefunden werden
collect2: error: ld returned 1 exit status
CMakeFiles/cmTC_a93dd.dir/build.make:97: recipe for target 'cmTC_a93dd' failed
make[2]: *** [cmTC_a93dd] Error 1
make[2]: Verzeichnis „/home/daniel/reckziegelda74985_at_5888/ncurses/CMakeFiles/CMakeTmp“ wird verlassen
Makefile:126: recipe for target 'cmTC_a93dd/fast' failed
make[1]: *** [cmTC_a93dd/fast] Error 2
make[1]: Verzeichnis „/home/daniel/reckziegelda74985_at_5888/ncurses/CMakeFiles/CMakeTmp“ wird verlassen


